<?xml version="1.0" encoding="UTF-8"?>
<!-- Generated by org.testng.reporters.JUnitXMLReporter -->
<testsuite ignored="0" hostname="SYNQCA09" failures="0" tests="2" name="Test" time="50.837" errors="0" timestamp="2025-01-17T11:15:05 EST">
  <testcase classname="asd.TC11844_AOC_Incident_Report_an_Issue_Continue" name="CancelAocForm" time="21.381"/>
  <testcase classname="asd.TC11845_9630_11059_AOC_Incident_Select_predefined_reasons" name="CancelAocForm" time="21.593"/>
</testsuite> <!-- Test -->
