<?xml version="1.0" encoding="UTF-8"?>
<!-- Generated by org.testng.reporters.JUnitXMLReporter -->
<testsuite ignored="0" hostname="SYNQCA09" failures="0" tests="4" name="Test" time="163.823" errors="0" timestamp="2025-01-22T15:53:14 EST">
  <testcase classname="asd.TC11844_AOC_Incident_Report_an_Issue_Continue" name="CancelAocForm" time="24.763"/>
  <testcase classname="asd.TC11845_9630_11059_AOC_Incident_Select_predefined_reasons" name="CancelAocForm" time="62.688"/>
  <testcase classname="asd.TC11855_9630_11059_Cancel_AOC_form_manually_created_report" name="CancelAocForm" time="50.277"/>
  <testcase classname="asd.TC12085_11178_11982_HCP_HCP_Portal_displaying_logout_message_Configured_logout_message" name="ConfiguredLogoutMessage" time="12.901"/>
</testsuite> <!-- Test -->
