<?xml version="1.0" encoding="UTF-8"?>
<testng-results ignored="0" total="1" passed="1" failed="0" skipped="0">
  <reporter-output>
  </reporter-output>
  <suite started-at="2025-01-19T14:04:55 EST" name="Default suite" finished-at="2025-01-19T14:05:24 EST" duration-ms="29005">
    <groups>
    </groups>
    <test started-at="2025-01-19T14:04:55 EST" name="Default test" finished-at="2025-01-19T14:05:24 EST" duration-ms="29005">
      <class name="asd.TC12943_9630_12897_AOC_Report_Incident_confirmation_message_once_per_AOC">
        <test-method is-config="true" signature="setup()[pri:0, instance:asd.TC12943_9630_12897_AOC_Report_Incident_confirmation_message_once_per_AOC@6c64cb25]" started-at="2025-01-19T14:04:55 EST" name="setup" finished-at="2025-01-19T14:04:57 EST" duration-ms="2850" status="PASS">
          <reporter-output>
          </reporter-output>
        </test-method> <!-- setup -->
        <test-method signature="CancelAocForm()[pri:0, instance:asd.TC12943_9630_12897_AOC_Report_Incident_confirmation_message_once_per_AOC@6c64cb25]" started-at="2025-01-19T14:04:57 EST" name="CancelAocForm" finished-at="2025-01-19T14:05:24 EST" duration-ms="26126" status="PASS">
          <reporter-output>
          </reporter-output>
        </test-method> <!-- CancelAocForm -->
      </class> <!-- asd.TC12943_9630_12897_AOC_Report_Incident_confirmation_message_once_per_AOC -->
    </test> <!-- Default test -->
  </suite> <!-- Default suite -->
</testng-results>
